C:\USERS\INGA ABRAMOVA\DOCUMENTS\VISUAL STUDIO 2010\PROJECTS\L6_рисование\DEBUG\L6_рисование.EXE
C:\USERS\INGA ABRAMOVA\DOCUMENTS\VISUAL STUDIO 2010\PROJECTS\L6_рисование\DEBUG\L6_рисование.ILK
C:\USERS\INGA ABRAMOVA\DOCUMENTS\VISUAL STUDIO 2010\PROJECTS\L6_РИСОВАНИЕ\DEBUG\L6_РИСОВАНИЕ.PDB
C:\USERS\INGA ABRAMOVA\DOCUMENTS\VISUAL STUDIO 2010\PROJECTS\L6_рисование\L6_рисование\DEBUG\.NETFRAMEWORK,VERSION=V4.0.ASSEMBLYATTRIBUTES.OBJ
C:\USERS\INGA ABRAMOVA\DOCUMENTS\VISUAL STUDIO 2010\PROJECTS\L6_рисование\L6_рисование\DEBUG\APP.RES
C:\USERS\INGA ABRAMOVA\DOCUMENTS\VISUAL STUDIO 2010\PROJECTS\L6_рисование\L6_рисование\DEBUG\ASSEMBLYINFO.OBJ
C:\Users\Inga Abramova\documents\visual studio 2010\Projects\L6_рисование\L6_рисование\Debug\cl.command.1.tlog
C:\Users\Inga Abramova\documents\visual studio 2010\Projects\L6_рисование\L6_рисование\Debug\CL.read.1.tlog
C:\Users\Inga Abramova\documents\visual studio 2010\Projects\L6_рисование\L6_рисование\Debug\CL.write.1.tlog
C:\USERS\INGA ABRAMOVA\DOCUMENTS\VISUAL STUDIO 2010\PROJECTS\L6_рисование\L6_рисование\DEBUG\L6_рисование.EXE.INTERMEDIATE.MANIFEST
C:\Users\Inga Abramova\documents\visual studio 2010\Projects\L6_рисование\L6_рисование\Debug\L6_рисование.Form1.resources
C:\USERS\INGA ABRAMOVA\DOCUMENTS\VISUAL STUDIO 2010\PROJECTS\L6_рисование\L6_рисование\DEBUG\L6_рисование.OBJ
C:\USERS\INGA ABRAMOVA\DOCUMENTS\VISUAL STUDIO 2010\PROJECTS\L6_рисование\L6_рисование\DEBUG\L6_рисование.PCH
C:\Users\Inga Abramova\documents\visual studio 2010\Projects\L6_рисование\L6_рисование\Debug\L6_рисование.vcxproj.GenerateResource.Cache
C:\Users\Inga Abramova\documents\visual studio 2010\Projects\L6_рисование\L6_рисование\Debug\L6_рисование.vcxprojResolveAssemblyReference.cache
C:\Users\Inga Abramova\documents\visual studio 2010\Projects\L6_рисование\L6_рисование\Debug\L6_рисование.write.1.tlog
C:\Users\Inga Abramova\documents\visual studio 2010\Projects\L6_рисование\L6_рисование\Debug\link.12756.read.1.tlog
C:\Users\Inga Abramova\documents\visual studio 2010\Projects\L6_рисование\L6_рисование\Debug\link.12756.write.1.tlog
C:\Users\Inga Abramova\documents\visual studio 2010\Projects\L6_рисование\L6_рисование\Debug\link.12756-cvtres.read.1.tlog
C:\Users\Inga Abramova\documents\visual studio 2010\Projects\L6_рисование\L6_рисование\Debug\link.12756-cvtres.write.1.tlog
C:\Users\Inga Abramova\documents\visual studio 2010\Projects\L6_рисование\L6_рисование\Debug\link.15468.read.1.tlog
C:\Users\Inga Abramova\documents\visual studio 2010\Projects\L6_рисование\L6_рисование\Debug\link.15468.write.1.tlog
C:\Users\Inga Abramova\documents\visual studio 2010\Projects\L6_рисование\L6_рисование\Debug\link.15468-cvtres.read.1.tlog
C:\Users\Inga Abramova\documents\visual studio 2010\Projects\L6_рисование\L6_рисование\Debug\link.15468-cvtres.write.1.tlog
C:\Users\Inga Abramova\documents\visual studio 2010\Projects\L6_рисование\L6_рисование\Debug\link.16388.read.1.tlog
C:\Users\Inga Abramova\documents\visual studio 2010\Projects\L6_рисование\L6_рисование\Debug\link.16388.write.1.tlog
C:\Users\Inga Abramova\documents\visual studio 2010\Projects\L6_рисование\L6_рисование\Debug\link.16388-cvtres.read.1.tlog
C:\Users\Inga Abramova\documents\visual studio 2010\Projects\L6_рисование\L6_рисование\Debug\link.16388-cvtres.write.1.tlog
C:\Users\Inga Abramova\documents\visual studio 2010\Projects\L6_рисование\L6_рисование\Debug\link.17124.read.1.tlog
C:\Users\Inga Abramova\documents\visual studio 2010\Projects\L6_рисование\L6_рисование\Debug\link.17124.write.1.tlog
C:\Users\Inga Abramova\documents\visual studio 2010\Projects\L6_рисование\L6_рисование\Debug\link.17124-cvtres.read.1.tlog
C:\Users\Inga Abramova\documents\visual studio 2010\Projects\L6_рисование\L6_рисование\Debug\link.17124-cvtres.write.1.tlog
C:\Users\Inga Abramova\documents\visual studio 2010\Projects\L6_рисование\L6_рисование\Debug\link.18320.read.1.tlog
C:\Users\Inga Abramova\documents\visual studio 2010\Projects\L6_рисование\L6_рисование\Debug\link.18320.write.1.tlog
C:\Users\Inga Abramova\documents\visual studio 2010\Projects\L6_рисование\L6_рисование\Debug\link.18320-cvtres.read.1.tlog
C:\Users\Inga Abramova\documents\visual studio 2010\Projects\L6_рисование\L6_рисование\Debug\link.18320-cvtres.write.1.tlog
C:\Users\Inga Abramova\documents\visual studio 2010\Projects\L6_рисование\L6_рисование\Debug\link.18712.read.1.tlog
C:\Users\Inga Abramova\documents\visual studio 2010\Projects\L6_рисование\L6_рисование\Debug\link.18712.write.1.tlog
C:\Users\Inga Abramova\documents\visual studio 2010\Projects\L6_рисование\L6_рисование\Debug\link.18712-cvtres.read.1.tlog
C:\Users\Inga Abramova\documents\visual studio 2010\Projects\L6_рисование\L6_рисование\Debug\link.18712-cvtres.write.1.tlog
C:\Users\Inga Abramova\documents\visual studio 2010\Projects\L6_рисование\L6_рисование\Debug\link.20360.read.1.tlog
C:\Users\Inga Abramova\documents\visual studio 2010\Projects\L6_рисование\L6_рисование\Debug\link.20360.write.1.tlog
C:\Users\Inga Abramova\documents\visual studio 2010\Projects\L6_рисование\L6_рисование\Debug\link.20360-cvtres.read.1.tlog
C:\Users\Inga Abramova\documents\visual studio 2010\Projects\L6_рисование\L6_рисование\Debug\link.20360-cvtres.write.1.tlog
C:\Users\Inga Abramova\documents\visual studio 2010\Projects\L6_рисование\L6_рисование\Debug\link.command.1.tlog
C:\Users\Inga Abramova\documents\visual studio 2010\Projects\L6_рисование\L6_рисование\Debug\link.read.1.tlog
C:\Users\Inga Abramova\documents\visual studio 2010\Projects\L6_рисование\L6_рисование\Debug\link.write.1.tlog
C:\Users\Inga Abramova\documents\visual studio 2010\Projects\L6_рисование\L6_рисование\Debug\mt.command.1.tlog
C:\Users\Inga Abramova\documents\visual studio 2010\Projects\L6_рисование\L6_рисование\Debug\mt.read.1.tlog
C:\Users\Inga Abramova\documents\visual studio 2010\Projects\L6_рисование\L6_рисование\Debug\mt.write.1.tlog
C:\Users\Inga Abramova\documents\visual studio 2010\Projects\L6_рисование\L6_рисование\Debug\rc.command.1.tlog
C:\Users\Inga Abramova\documents\visual studio 2010\Projects\L6_рисование\L6_рисование\Debug\rc.read.1.tlog
C:\Users\Inga Abramova\documents\visual studio 2010\Projects\L6_рисование\L6_рисование\Debug\rc.write.1.tlog
C:\USERS\INGA ABRAMOVA\DOCUMENTS\VISUAL STUDIO 2010\PROJECTS\L6_рисование\L6_рисование\DEBUG\STDAFX.OBJ
C:\USERS\INGA ABRAMOVA\DOCUMENTS\VISUAL STUDIO 2010\PROJECTS\L6_РИСОВАНИЕ\L6_РИСОВАНИЕ\DEBUG\VC100.PDB
